[0.976s] Invoking command in '/home/thomas/UoA_Year4/CS4048/Robo4/robo4_project': DEBUGINFOD_URLS=https://debuginfod.ubuntu.com PYTHONPATH=/home/thomas/UoA_Year4/CS4048/Robo4/build/robo4_project/prefix_override:/usr/lib/python3/dist-packages/colcon_core/task/python/colcon_distutils_commands:/home/thomas/UoA_Year4/CS4048/Robo4/install/robo4_project/lib/python3.12/site-packages:${PYTHONPATH} /usr/bin/python3 -W ignore:setup.py install is deprecated setup.py egg_info --egg-base ../build/robo4_project build --build-base /home/thomas/UoA_Year4/CS4048/Robo4/build/robo4_project/build install --record /home/thomas/UoA_Year4/CS4048/Robo4/build/robo4_project/install.log --single-version-externally-managed install_data
[1.265s] running egg_info
[1.285s] writing ../build/robo4_project/robo4_project.egg-info/PKG-INFO
[1.285s] writing dependency_links to ../build/robo4_project/robo4_project.egg-info/dependency_links.txt
[1.285s] writing entry points to ../build/robo4_project/robo4_project.egg-info/entry_points.txt
[1.285s] writing requirements to ../build/robo4_project/robo4_project.egg-info/requires.txt
[1.286s] writing top-level names to ../build/robo4_project/robo4_project.egg-info/top_level.txt
[1.329s] reading manifest file '../build/robo4_project/robo4_project.egg-info/SOURCES.txt'
[1.329s] adding license file 'LICENSE'
[1.330s] writing manifest file '../build/robo4_project/robo4_project.egg-info/SOURCES.txt'
[1.330s] running build
[1.330s] running build_py
[1.331s] copying robo4_project/panda_driver.py -> /home/thomas/UoA_Year4/CS4048/Robo4/build/robo4_project/build/lib/robo4_project
[1.331s] running install
[1.337s] running install_lib
[1.359s] copying /home/thomas/UoA_Year4/CS4048/Robo4/build/robo4_project/build/lib/robo4_project/panda_driver.py -> /home/thomas/UoA_Year4/CS4048/Robo4/install/robo4_project/lib/python3.12/site-packages/robo4_project
[1.359s] byte-compiling /home/thomas/UoA_Year4/CS4048/Robo4/install/robo4_project/lib/python3.12/site-packages/robo4_project/panda_driver.py to panda_driver.cpython-312.pyc
[1.360s] running install_data
[1.360s] error: can't copy 'resource/robo4_project': doesn't exist or not a regular file
[1.379s] Invoked command in '/home/thomas/UoA_Year4/CS4048/Robo4/robo4_project' returned '1': DEBUGINFOD_URLS=https://debuginfod.ubuntu.com PYTHONPATH=/home/thomas/UoA_Year4/CS4048/Robo4/build/robo4_project/prefix_override:/usr/lib/python3/dist-packages/colcon_core/task/python/colcon_distutils_commands:/home/thomas/UoA_Year4/CS4048/Robo4/install/robo4_project/lib/python3.12/site-packages:${PYTHONPATH} /usr/bin/python3 -W ignore:setup.py install is deprecated setup.py egg_info --egg-base ../build/robo4_project build --build-base /home/thomas/UoA_Year4/CS4048/Robo4/build/robo4_project/build install --record /home/thomas/UoA_Year4/CS4048/Robo4/build/robo4_project/install.log --single-version-externally-managed install_data
