[0.845s] Invoking command in '/home/thomas/UoA_Year4/CS4048/Robo4/robo4_project': DEBUGINFOD_URLS=https://debuginfod.ubuntu.com PYTHONPATH=/home/thomas/UoA_Year4/CS4048/Robo4/build/robo4_project/prefix_override:/usr/lib/python3/dist-packages/colcon_core/task/python/colcon_distutils_commands:/home/thomas/UoA_Year4/CS4048/Robo4/install/robo4_project/lib/python3.12/site-packages:${PYTHONPATH} /usr/bin/python3 -W ignore:setup.py install is deprecated setup.py egg_info --egg-base ../build/robo4_project build --build-base /home/thomas/UoA_Year4/CS4048/Robo4/build/robo4_project/build install --record /home/thomas/UoA_Year4/CS4048/Robo4/build/robo4_project/install.log --single-version-externally-managed install_data
[1.129s] running egg_info
[1.150s] writing ../build/robo4_project/robo4_project.egg-info/PKG-INFO
[1.150s] writing dependency_links to ../build/robo4_project/robo4_project.egg-info/dependency_links.txt
[1.150s] writing entry points to ../build/robo4_project/robo4_project.egg-info/entry_points.txt
[1.150s] writing requirements to ../build/robo4_project/robo4_project.egg-info/requires.txt
[1.151s] writing top-level names to ../build/robo4_project/robo4_project.egg-info/top_level.txt
[1.193s] reading manifest file '../build/robo4_project/robo4_project.egg-info/SOURCES.txt'
[1.193s] adding license file 'LICENSE'
[1.194s] writing manifest file '../build/robo4_project/robo4_project.egg-info/SOURCES.txt'
[1.194s] running build
[1.194s] running build_py
[1.194s] running install
[1.201s] running install_lib
[1.223s] running install_data
[1.224s] copying resource/robo4_project -> /home/thomas/UoA_Year4/CS4048/Robo4/install/robo4_project/share/ament_index/resource_index/packages
[1.224s] copying launch/robo4_project_launch.py -> /home/thomas/UoA_Year4/CS4048/Robo4/install/robo4_project/share/robo4_project/launch
[1.224s] copying worlds/robo4_world.wbt -> /home/thomas/UoA_Year4/CS4048/Robo4/install/robo4_project/share/robo4_project/worlds
[1.224s] running install_egg_info
[1.246s] removing '/home/thomas/UoA_Year4/CS4048/Robo4/install/robo4_project/lib/python3.12/site-packages/robo4_project-0.0.0-py3.12.egg-info' (and everything under it)
[1.246s] Copying ../build/robo4_project/robo4_project.egg-info to /home/thomas/UoA_Year4/CS4048/Robo4/install/robo4_project/lib/python3.12/site-packages/robo4_project-0.0.0-py3.12.egg-info
[1.247s] running install_scripts
[1.384s] Installing ned_driver script to /home/thomas/UoA_Year4/CS4048/Robo4/install/robo4_project/lib/robo4_project
[1.385s] writing list of installed files to '/home/thomas/UoA_Year4/CS4048/Robo4/build/robo4_project/install.log'
[1.419s] Invoked command in '/home/thomas/UoA_Year4/CS4048/Robo4/robo4_project' returned '0': DEBUGINFOD_URLS=https://debuginfod.ubuntu.com PYTHONPATH=/home/thomas/UoA_Year4/CS4048/Robo4/build/robo4_project/prefix_override:/usr/lib/python3/dist-packages/colcon_core/task/python/colcon_distutils_commands:/home/thomas/UoA_Year4/CS4048/Robo4/install/robo4_project/lib/python3.12/site-packages:${PYTHONPATH} /usr/bin/python3 -W ignore:setup.py install is deprecated setup.py egg_info --egg-base ../build/robo4_project build --build-base /home/thomas/UoA_Year4/CS4048/Robo4/build/robo4_project/build install --record /home/thomas/UoA_Year4/CS4048/Robo4/build/robo4_project/install.log --single-version-externally-managed install_data
