running egg_info
creating ../build/robo4_project/robo4_project.egg-info
writing ../build/robo4_project/robo4_project.egg-info/PKG-INFO
writing dependency_links to ../build/robo4_project/robo4_project.egg-info/dependency_links.txt
writing entry points to ../build/robo4_project/robo4_project.egg-info/entry_points.txt
writing requirements to ../build/robo4_project/robo4_project.egg-info/requires.txt
writing top-level names to ../build/robo4_project/robo4_project.egg-info/top_level.txt
writing manifest file '../build/robo4_project/robo4_project.egg-info/SOURCES.txt'
reading manifest file '../build/robo4_project/robo4_project.egg-info/SOURCES.txt'
adding license file 'LICENSE'
writing manifest file '../build/robo4_project/robo4_project.egg-info/SOURCES.txt'
running build
running build_py
creating /home/thomas/UoA_Year4/CS4048/Robo4/build/robo4_project/build
creating /home/thomas/UoA_Year4/CS4048/Robo4/build/robo4_project/build/lib
creating /home/thomas/UoA_Year4/CS4048/Robo4/build/robo4_project/build/lib/robo4_project
copying robo4_project/__init__.py -> /home/thomas/UoA_Year4/CS4048/Robo4/build/robo4_project/build/lib/robo4_project
copying robo4_project/ned_driver.py -> /home/thomas/UoA_Year4/CS4048/Robo4/build/robo4_project/build/lib/robo4_project
running install
running install_lib
creating /home/thomas/UoA_Year4/CS4048/Robo4/install/robo4_project/lib/python3.12/site-packages/robo4_project
copying /home/thomas/UoA_Year4/CS4048/Robo4/build/robo4_project/build/lib/robo4_project/__init__.py -> /home/thomas/UoA_Year4/CS4048/Robo4/install/robo4_project/lib/python3.12/site-packages/robo4_project
copying /home/thomas/UoA_Year4/CS4048/Robo4/build/robo4_project/build/lib/robo4_project/ned_driver.py -> /home/thomas/UoA_Year4/CS4048/Robo4/install/robo4_project/lib/python3.12/site-packages/robo4_project
byte-compiling /home/thomas/UoA_Year4/CS4048/Robo4/install/robo4_project/lib/python3.12/site-packages/robo4_project/__init__.py to __init__.cpython-312.pyc
byte-compiling /home/thomas/UoA_Year4/CS4048/Robo4/install/robo4_project/lib/python3.12/site-packages/robo4_project/ned_driver.py to ned_driver.cpython-312.pyc
running install_data
creating /home/thomas/UoA_Year4/CS4048/Robo4/install/robo4_project/share/ament_index
creating /home/thomas/UoA_Year4/CS4048/Robo4/install/robo4_project/share/ament_index/resource_index
creating /home/thomas/UoA_Year4/CS4048/Robo4/install/robo4_project/share/ament_index/resource_index/packages
copying resource/robo4_project -> /home/thomas/UoA_Year4/CS4048/Robo4/install/robo4_project/share/ament_index/resource_index/packages
creating /home/thomas/UoA_Year4/CS4048/Robo4/install/robo4_project/share/robo4_project/launch
copying launch/robo4_project_launch.py -> /home/thomas/UoA_Year4/CS4048/Robo4/install/robo4_project/share/robo4_project/launch
creating /home/thomas/UoA_Year4/CS4048/Robo4/install/robo4_project/share/robo4_project/worlds
copying worlds/robo4_world.wbt -> /home/thomas/UoA_Year4/CS4048/Robo4/install/robo4_project/share/robo4_project/worlds
creating /home/thomas/UoA_Year4/CS4048/Robo4/install/robo4_project/share/robo4_project/resource
copying resource/ned.urdf -> /home/thomas/UoA_Year4/CS4048/Robo4/install/robo4_project/share/robo4_project/resource
copying package.xml -> /home/thomas/UoA_Year4/CS4048/Robo4/install/robo4_project/share/robo4_project
running install_egg_info
Copying ../build/robo4_project/robo4_project.egg-info to /home/thomas/UoA_Year4/CS4048/Robo4/install/robo4_project/lib/python3.12/site-packages/robo4_project-0.0.0-py3.12.egg-info
running install_scripts
Installing ned_driver script to /home/thomas/UoA_Year4/CS4048/Robo4/install/robo4_project/lib/robo4_project
writing list of installed files to '/home/thomas/UoA_Year4/CS4048/Robo4/build/robo4_project/install.log'
