[0.846s] Invoking command in '/home/thomas/UoA_Year4/CS4048/Robo4/robo4_project': DEBUGINFOD_URLS=https://debuginfod.ubuntu.com PYTHONPATH=/home/thomas/UoA_Year4/CS4048/Robo4/build/robo4_project/prefix_override:/usr/lib/python3/dist-packages/colcon_core/task/python/colcon_distutils_commands:/home/thomas/UoA_Year4/CS4048/Robo4/install/robo4_project/lib/python3.12/site-packages:${PYTHONPATH} /usr/bin/python3 -W ignore:setup.py install is deprecated setup.py egg_info --egg-base ../build/robo4_project build --build-base /home/thomas/UoA_Year4/CS4048/Robo4/build/robo4_project/build install --record /home/thomas/UoA_Year4/CS4048/Robo4/build/robo4_project/install.log --single-version-externally-managed install_data
[1.128s] running egg_info
[1.129s] creating ../build/robo4_project/robo4_project.egg-info
[1.148s] writing ../build/robo4_project/robo4_project.egg-info/PKG-INFO
[1.148s] writing dependency_links to ../build/robo4_project/robo4_project.egg-info/dependency_links.txt
[1.149s] writing entry points to ../build/robo4_project/robo4_project.egg-info/entry_points.txt
[1.149s] writing requirements to ../build/robo4_project/robo4_project.egg-info/requires.txt
[1.149s] writing top-level names to ../build/robo4_project/robo4_project.egg-info/top_level.txt
[1.149s] writing manifest file '../build/robo4_project/robo4_project.egg-info/SOURCES.txt'
[1.190s] reading manifest file '../build/robo4_project/robo4_project.egg-info/SOURCES.txt'
[1.190s] adding license file 'LICENSE'
[1.191s] writing manifest file '../build/robo4_project/robo4_project.egg-info/SOURCES.txt'
[1.191s] running build
[1.191s] running build_py
[1.191s] creating /home/thomas/UoA_Year4/CS4048/Robo4/build/robo4_project/build
[1.191s] creating /home/thomas/UoA_Year4/CS4048/Robo4/build/robo4_project/build/lib
[1.192s] creating /home/thomas/UoA_Year4/CS4048/Robo4/build/robo4_project/build/lib/robo4_project
[1.192s] copying robo4_project/__init__.py -> /home/thomas/UoA_Year4/CS4048/Robo4/build/robo4_project/build/lib/robo4_project
[1.192s] copying robo4_project/ned_driver.py -> /home/thomas/UoA_Year4/CS4048/Robo4/build/robo4_project/build/lib/robo4_project
[1.192s] running install
[1.199s] running install_lib
[1.220s] creating /home/thomas/UoA_Year4/CS4048/Robo4/install/robo4_project/lib/python3.12/site-packages/robo4_project
[1.221s] copying /home/thomas/UoA_Year4/CS4048/Robo4/build/robo4_project/build/lib/robo4_project/__init__.py -> /home/thomas/UoA_Year4/CS4048/Robo4/install/robo4_project/lib/python3.12/site-packages/robo4_project
[1.221s] copying /home/thomas/UoA_Year4/CS4048/Robo4/build/robo4_project/build/lib/robo4_project/ned_driver.py -> /home/thomas/UoA_Year4/CS4048/Robo4/install/robo4_project/lib/python3.12/site-packages/robo4_project
[1.221s] byte-compiling /home/thomas/UoA_Year4/CS4048/Robo4/install/robo4_project/lib/python3.12/site-packages/robo4_project/__init__.py to __init__.cpython-312.pyc
[1.221s] byte-compiling /home/thomas/UoA_Year4/CS4048/Robo4/install/robo4_project/lib/python3.12/site-packages/robo4_project/ned_driver.py to ned_driver.cpython-312.pyc
[1.222s] running install_data
[1.222s] creating /home/thomas/UoA_Year4/CS4048/Robo4/install/robo4_project/share/ament_index
[1.222s] creating /home/thomas/UoA_Year4/CS4048/Robo4/install/robo4_project/share/ament_index/resource_index
[1.222s] creating /home/thomas/UoA_Year4/CS4048/Robo4/install/robo4_project/share/ament_index/resource_index/packages
[1.223s] copying resource/robo4_project -> /home/thomas/UoA_Year4/CS4048/Robo4/install/robo4_project/share/ament_index/resource_index/packages
[1.223s] creating /home/thomas/UoA_Year4/CS4048/Robo4/install/robo4_project/share/robo4_project/launch
[1.223s] copying launch/robo4_project_launch.py -> /home/thomas/UoA_Year4/CS4048/Robo4/install/robo4_project/share/robo4_project/launch
[1.223s] creating /home/thomas/UoA_Year4/CS4048/Robo4/install/robo4_project/share/robo4_project/worlds
[1.223s] copying worlds/robo4_world.wbt -> /home/thomas/UoA_Year4/CS4048/Robo4/install/robo4_project/share/robo4_project/worlds
[1.223s] creating /home/thomas/UoA_Year4/CS4048/Robo4/install/robo4_project/share/robo4_project/resource
[1.223s] copying resource/ned.urdf -> /home/thomas/UoA_Year4/CS4048/Robo4/install/robo4_project/share/robo4_project/resource
[1.223s] copying package.xml -> /home/thomas/UoA_Year4/CS4048/Robo4/install/robo4_project/share/robo4_project
[1.223s] running install_egg_info
[1.245s] Copying ../build/robo4_project/robo4_project.egg-info to /home/thomas/UoA_Year4/CS4048/Robo4/install/robo4_project/lib/python3.12/site-packages/robo4_project-0.0.0-py3.12.egg-info
[1.246s] running install_scripts
[1.381s] Installing ned_driver script to /home/thomas/UoA_Year4/CS4048/Robo4/install/robo4_project/lib/robo4_project
[1.381s] writing list of installed files to '/home/thomas/UoA_Year4/CS4048/Robo4/build/robo4_project/install.log'
[1.413s] Invoked command in '/home/thomas/UoA_Year4/CS4048/Robo4/robo4_project' returned '0': DEBUGINFOD_URLS=https://debuginfod.ubuntu.com PYTHONPATH=/home/thomas/UoA_Year4/CS4048/Robo4/build/robo4_project/prefix_override:/usr/lib/python3/dist-packages/colcon_core/task/python/colcon_distutils_commands:/home/thomas/UoA_Year4/CS4048/Robo4/install/robo4_project/lib/python3.12/site-packages:${PYTHONPATH} /usr/bin/python3 -W ignore:setup.py install is deprecated setup.py egg_info --egg-base ../build/robo4_project build --build-base /home/thomas/UoA_Year4/CS4048/Robo4/build/robo4_project/build install --record /home/thomas/UoA_Year4/CS4048/Robo4/build/robo4_project/install.log --single-version-externally-managed install_data
